Arguments: 
  /usr/local/Cellar/node/13.8.0/bin/node /usr/local/Cellar/yarn/1.22.0/libexec/bin/yarn.js add express, express-handlebars

PATH: 
  /Users/Enotion/anaconda3/bin:/usr/local/Cellar/pyenv-virtualenv/1.1.3/shims:~/.pyenv/versions/3.6/bin:/Library/Frameworks/Python.framework/Versions/3.6/bin:/Library/Frameworks/Python.framework/Versions/3.6/bin:/Library/Frameworks/Python.framework/Versions/3.5/bin:/Users/Enotion/.rvm/gems/ruby-2.3.0/bin:/Users/Enotion/.rvm/gems/ruby-2.3.0@global/bin:/Users/Enotion/.rvm/rubies/ruby-2.3.0/bin:/usr/local/bin:/usr/bin:/bin:/usr/sbin:/sbin:/Users/Enotion/.rvm/bin

Yarn version: 
  1.22.0

Node version: 
  13.8.0

Platform: 
  darwin x64

Trace: 
  Error: https://registry.yarnpkg.com/express,: Not found
      at Request.params.callback [as _callback] (/usr/local/Cellar/yarn/1.22.0/libexec/lib/cli.js:66975:18)
      at Request.self.callback (/usr/local/Cellar/yarn/1.22.0/libexec/lib/cli.js:140727:22)
      at Request.emit (events.js:321:20)
      at Request.<anonymous> (/usr/local/Cellar/yarn/1.22.0/libexec/lib/cli.js:141699:10)
      at Request.emit (events.js:321:20)
      at IncomingMessage.<anonymous> (/usr/local/Cellar/yarn/1.22.0/libexec/lib/cli.js:141621:12)
      at Object.onceWrapper (events.js:427:28)
      at IncomingMessage.emit (events.js:333:22)
      at endReadableNT (_stream_readable.js:1201:12)
      at processTicksAndRejections (internal/process/task_queues.js:84:21)

npm manifest: 
  {
    "name": "burgerz",
    "version": "1.0.0",
    "main": "app.js",
    "author": "ehoversten <ehoversten@gmail.com>",
    "license": "MIT"
  }

yarn manifest: 
  No manifest

Lockfile: 
  No lockfile
